# JRE version: OpenJDK Runtime Environment AdoptOpenJDK (11.0.8+1) (build 11.0.8+1-202007270708)
# Java VM: Dynamic Code Evolution 64-Bit Server VM AdoptOpenJDK (11.0.8+1-202007270708, mixed mode, tiered, compressed oops, serial gc, windows-amd64)
Heap:
 def new generation   total 150400K, used 33331K [0x0000000700e00000, 0x000000070b130000, 0x0000000755ea0000)
  eden space 133696K,  12% used [0x0000000700e00000, 0x0000000701e3cd60, 0x0000000709090000)
  from space 16704K,  99% used [0x000000070a0e0000, 0x000000070b12fff8, 0x000000070b130000)
  to   space 16704K,   0% used [0x0000000709090000, 0x0000000709090000, 0x000000070a0e0000)
 tenured generation   total 334188K, used 315873K [0x0000000755ea0000, 0x000000076a4fb000, 0x0000000800000000)
   the space 334188K,  94% used [0x0000000755ea0000, 0x0000000769318648, 0x0000000769318800, 0x000000076a4fb000)
 Metaspace       used 18115K, capacity 18418K, committed 18688K, reserved 1067008K
  class space    used 1346K, capacity 1438K, committed 1536K, reserved 1048576K
GC Heap History (10 events):
Event: 0.845 GC heap before
{Heap before GC invocations=0 (full 0):
 def new generation   total 78656K, used 67641K [0x0000000700e00000, 0x0000000706350000, 0x0000000755ea0000)
  eden space 69952K,  96% used [0x0000000700e00000, 0x000000070500e630, 0x0000000705250000)
  from space 8704K,   0% used [0x0000000705250000, 0x0000000705250000, 0x0000000705ad0000)
  to   space 8704K,   0% used [0x0000000705ad0000, 0x0000000705ad0000, 0x0000000706350000)
 tenured generation   total 174784K, used 0K [0x0000000755ea0000, 0x0000000760950000, 0x0000000800000000)
   the space 174784K,   0% used [0x0000000755ea0000, 0x0000000755ea0000, 0x0000000755ea0200, 0x0000000760950000)
 Metaspace       used 16187K, capacity 16401K, committed 16768K, reserved 1064960K
  class space    used 1243K, capacity 1317K, committed 1408K, reserved 1048576K
}
Event: 0.850 GC heap after
{Heap after GC invocations=1 (full 0):
 def new generation   total 78656K, used 3450K [0x0000000700e00000, 0x0000000706350000, 0x0000000755ea0000)
  eden space 69952K,   0% used [0x0000000700e00000, 0x0000000700e00000, 0x0000000705250000)
  from space 8704K,  39% used [0x0000000705ad0000, 0x0000000705e2e8c8, 0x0000000706350000)
  to   space 8704K,   0% used [0x0000000705250000, 0x0000000705250000, 0x0000000705ad0000)
 tenured generation   total 174784K, used 0K [0x0000000755ea0000, 0x0000000760950000, 0x0000000800000000)
   the space 174784K,   0% used [0x0000000755ea0000, 0x0000000755ea0000, 0x0000000755ea0200, 0x0000000760950000)
 Metaspace       used 16187K, capacity 16401K, committed 16768K, reserved 1064960K
  class space    used 1243K, capacity 1317K, committed 1408K, reserved 1048576K
}
Event: 0.882 GC heap before
{Heap before GC invocations=1 (full 0):
 def new generation   total 78656K, used 73402K [0x0000000700e00000, 0x0000000706350000, 0x0000000755ea0000)
  eden space 69952K, 100% used [0x0000000700e00000, 0x0000000705250000, 0x0000000705250000)
  from space 8704K,  39% used [0x0000000705ad0000, 0x0000000705e2e8c8, 0x0000000706350000)
  to   space 8704K,   0% used [0x0000000705250000, 0x0000000705250000, 0x0000000705ad0000)
 tenured generation   total 174784K, used 0K [0x0000000755ea0000, 0x0000000760950000, 0x0000000800000000)
   the space 174784K,   0% used [0x0000000755ea0000, 0x0000000755ea0000, 0x0000000755ea0200, 0x0000000760950000)
 Metaspace       used 16330K, capacity 16593K, committed 16768K, reserved 1064960K
  class space    used 1252K, capacity 1317K, committed 1408K, reserved 1048576K
}
Event: 0.946 GC heap after
{Heap after GC invocations=2 (full 0):
 def new generation   total 78656K, used 8704K [0x0000000700e00000, 0x0000000706350000, 0x0000000755ea0000)
  eden space 69952K,   0% used [0x0000000700e00000, 0x0000000700e00000, 0x0000000705250000)
  from space 8704K, 100% used [0x0000000705250000, 0x0000000705ad0000, 0x0000000705ad0000)
  to   space 8704K,   0% used [0x0000000705ad0000, 0x0000000705ad0000, 0x0000000706350000)
 tenured generation   total 174784K, used 62816K [0x0000000755ea0000, 0x0000000760950000, 0x0000000800000000)
   the space 174784K,  35% used [0x0000000755ea0000, 0x0000000759bf8328, 0x0000000759bf8400, 0x0000000760950000)
 Metaspace       used 16330K, capacity 16593K, committed 16768K, reserved 1064960K
  class space    used 1252K, capacity 1317K, committed 1408K, reserved 1048576K
}
Event: 0.956 GC heap before
{Heap before GC invocations=2 (full 0):
 def new generation   total 78656K, used 78656K [0x0000000700e00000, 0x0000000706350000, 0x0000000755ea0000)
  eden space 69952K, 100% used [0x0000000700e00000, 0x0000000705250000, 0x0000000705250000)
  from space 8704K, 100% used [0x0000000705250000, 0x0000000705ad0000, 0x0000000705ad0000)
  to   space 8704K,   0% used [0x0000000705ad0000, 0x0000000705ad0000, 0x0000000706350000)
 tenured generation   total 174784K, used 62816K [0x0000000755ea0000, 0x0000000760950000, 0x0000000800000000)
   the space 174784K,  35% used [0x0000000755ea0000, 0x0000000759bf8328, 0x0000000759bf8400, 0x0000000760950000)
 Metaspace       used 16330K, capacity 16593K, committed 16768K, reserved 1064960K
  class space    used 1252K, capacity 1317K, committed 1408K, reserved 1048576K
}
Event: 1.038 GC heap after
{Heap after GC invocations=3 (full 0):
 def new generation   total 78656K, used 8704K [0x0000000700e00000, 0x0000000706350000, 0x0000000755ea0000)
  eden space 69952K,   0% used [0x0000000700e00000, 0x0000000700e00000, 0x0000000705250000)
  from space 8704K, 100% used [0x0000000705ad0000, 0x0000000706350000, 0x0000000706350000)
  to   space 8704K,   0% used [0x0000000705250000, 0x0000000705250000, 0x0000000705ad0000)
 tenured generation   total 174784K, used 131130K [0x0000000755ea0000, 0x0000000760950000, 0x0000000800000000)
   the space 174784K,  75% used [0x0000000755ea0000, 0x000000075deae9c8, 0x000000075deaea00, 0x0000000760950000)
 Metaspace       used 16330K, capacity 16593K, committed 16768K, reserved 1064960K
  class space    used 1252K, capacity 1317K, committed 1408K, reserved 1048576K
}
Event: 1.046 GC heap before
{Heap before GC invocations=3 (full 0):
 def new generation   total 78656K, used 78656K [0x0000000700e00000, 0x0000000706350000, 0x0000000755ea0000)
  eden space 69952K, 100% used [0x0000000700e00000, 0x0000000705250000, 0x0000000705250000)
  from space 8704K, 100% used [0x0000000705ad0000, 0x0000000706350000, 0x0000000706350000)
  to   space 8704K,   0% used [0x0000000705250000, 0x0000000705250000, 0x0000000705ad0000)
 tenured generation   total 174784K, used 131130K [0x0000000755ea0000, 0x0000000760950000, 0x0000000800000000)
   the space 174784K,  75% used [0x0000000755ea0000, 0x000000075deae9c8, 0x000000075deaea00, 0x0000000760950000)
 Metaspace       used 16330K, capacity 16593K, committed 16768K, reserved 1064960K
  class space    used 1252K, capacity 1317K, committed 1408K, reserved 1048576K
}
Event: 1.347 GC heap after
{Heap after GC invocations=4 (full 1):
 def new generation   total 150400K, used 8654K [0x0000000700e00000, 0x000000070b130000, 0x0000000755ea0000)
  eden space 133696K,   6% used [0x0000000700e00000, 0x0000000701673810, 0x0000000709090000)
  from space 16704K,   0% used [0x0000000709090000, 0x0000000709090000, 0x000000070a0e0000)
  to   space 16704K,   0% used [0x000000070a0e0000, 0x000000070a0e0000, 0x000000070b130000)
 tenured generation   total 334188K, used 200511K [0x0000000755ea0000, 0x000000076a4fb000, 0x0000000800000000)
   the space 334188K,  59% used [0x0000000755ea0000, 0x000000076226fff0, 0x0000000762270000, 0x000000076a4fb000)
 Metaspace       used 16330K, capacity 16593K, committed 16768K, reserved 1064960K
  class space    used 1252K, capacity 1317K, committed 1408K, reserved 1048576K
}
Event: 1.373 GC heap before
{Heap before GC invocations=4 (full 1):
 def new generation   total 150400K, used 133696K [0x0000000700e00000, 0x000000070b130000, 0x0000000755ea0000)
  eden space 133696K, 100% used [0x0000000700e00000, 0x0000000709090000, 0x0000000709090000)
  from space 16704K,   0% used [0x0000000709090000, 0x0000000709090000, 0x000000070a0e0000)
  to   space 16704K,   0% used [0x000000070a0e0000, 0x000000070a0e0000, 0x000000070b130000)
 tenured generation   total 334188K, used 200511K [0x0000000755ea0000, 0x000000076a4fb000, 0x0000000800000000)
   the space 334188K,  59% used [0x0000000755ea0000, 0x000000076226fff0, 0x0000000762270000, 0x000000076a4fb000)
 Metaspace       used 16330K, capacity 16593K, committed 16768K, reserved 1064960K
  class space    used 1252K, capacity 1317K, committed 1408K, reserved 1048576K
}
Event: 1.568 GC heap after
{Heap after GC invocations=5 (full 1):
 def new generation   total 150400K, used 16703K [0x0000000700e00000, 0x000000070b130000, 0x0000000755ea0000)
  eden space 133696K,   0% used [0x0000000700e00000, 0x0000000700e00000, 0x0000000709090000)
  from space 16704K,  99% used [0x000000070a0e0000, 0x000000070b12fff8, 0x000000070b130000)
  to   space 16704K,   0% used [0x0000000709090000, 0x0000000709090000, 0x000000070a0e0000)
 tenured generation   total 334188K, used 315873K [0x0000000755ea0000, 0x000000076a4fb000, 0x0000000800000000)
   the space 334188K,  94% used [0x0000000755ea0000, 0x0000000769318648, 0x0000000769318800, 0x000000076a4fb000)
 Metaspace       used 16330K, capacity 16593K, committed 16768K, reserved 1064960K
  class space    used 1252K, capacity 1317K, committed 1408K, reserved 1048576K
}

